<?xml version="1.0" encoding="UTF-8"?>
<!-- Generated by org.testng.reporters.JUnitReportReporter -->
<testsuite hostname="DESKTOP-G0826BT" failures="0" tests="1" name="scripts.TestCase0" time="0.016" errors="0" timestamp="2022-09-26T12:42:03 IST" skipped="0">
  <testcase classname="scripts.TestCase0" name="Tc1" time="0.016"/>
  <system-out>
    <![CDATA[Hello Selenium]]>
  </system-out>
</testsuite> <!-- scripts.TestCase0 -->
