<?xml version="1.0" encoding="UTF-8"?>
<!-- Generated by org.testng.reporters.JUnitReportReporter -->
<testsuite hostname="DESKTOP-G0826BT" failures="0" tests="1" name="scripts.TestCase2" time="0.003" errors="0" timestamp="2022-09-26T12:42:03 IST" skipped="0">
  <testcase classname="scripts.TestCase2" name="Tc3" time="0.003"/>
  <system-out>
    <![CDATA[Hello python]]>
  </system-out>
</testsuite> <!-- scripts.TestCase2 -->
